<?xml version="1.0" encoding="UTF-8"?>
<testng-results skipped="0" failed="0" total="24" passed="24">
  <reporter-output>
  </reporter-output>
  <suite name="Omlete Suite" duration-ms="273" started-at="2014-09-04T11:37:55Z" finished-at="2014-09-04T11:37:55Z">
    <groups>
    </groups>
    <test name="Browser Conf Test" duration-ms="273" started-at="2014-09-04T11:37:55Z" finished-at="2014-09-04T11:37:55Z">
      <class name="com.springer.omelet.test.data.VerifyBrowserValueTest">
        <test-method status="PASS" signature="checkDefaultOption()[pri:0, instance:com.springer.omelet.test.data.VerifyBrowserValueTest@4cc39a20]" name="checkDefaultOption" duration-ms="14" started-at="2014-09-04T17:07:55Z" finished-at="2014-09-04T17:07:55Z">
          <reporter-output>
          </reporter-output>
        </test-method> <!-- checkDefaultOption -->
      </class> <!-- com.springer.omelet.test.data.VerifyBrowserValueTest -->
      <class name="com.springer.omelet.test.data.BrowserConfMethodTest">
        <test-method status="PASS" signature="setup()[pri:0, instance:com.springer.omelet.test.data.BrowserConfMethodTest@56d73c7a]" name="setup" is-config="true" duration-ms="0" started-at="2014-09-04T17:07:55Z" finished-at="2014-09-04T17:07:55Z">
          <reporter-output>
          </reporter-output>
        </test-method> <!-- setup -->
        <test-method status="PASS" signature="verifyMapValues()[pri:0, instance:com.springer.omelet.test.data.BrowserConfMethodTest@56d73c7a]" name="verifyMapValues" duration-ms="9" started-at="2014-09-04T17:07:55Z" description="All Values set by HashMap" finished-at="2014-09-04T17:07:55Z">
          <reporter-output>
          </reporter-output>
        </test-method> <!-- verifyMapValues -->
        <test-method status="PASS" signature="setup()[pri:0, instance:com.springer.omelet.test.data.BrowserConfMethodTest@56d73c7a]" name="setup" is-config="true" duration-ms="0" started-at="2014-09-04T17:07:55Z" finished-at="2014-09-04T17:07:55Z">
          <reporter-output>
          </reporter-output>
        </test-method> <!-- setup -->
        <test-method status="PASS" signature="verifyMapValueEmpty()[pri:0, instance:com.springer.omelet.test.data.BrowserConfMethodTest@56d73c7a]" name="verifyMapValueEmpty" duration-ms="2" started-at="2014-09-04T17:07:55Z" depends-on-methods="com.springer.omelet.test.data.BrowserConfMethodTest.verifyMapValues" finished-at="2014-09-04T17:07:55Z">
          <reporter-output>
          </reporter-output>
        </test-method> <!-- verifyMapValueEmpty -->
        <test-method status="PASS" signature="verifyCmd_Map_Mix()[pri:0, instance:com.springer.omelet.test.data.BrowserConfMethodTest@56d73c7a]" name="verifyCmd_Map_Mix" duration-ms="1" started-at="2014-09-04T17:07:55Z" description="Some Values by cmd and all by map" depends-on-methods="com.springer.omelet.test.data.BrowserConfMethodTest.verifyMapValueEmpty" finished-at="2014-09-04T17:07:55Z">
          <reporter-output>
          </reporter-output>
        </test-method> <!-- verifyCmd_Map_Mix -->
        <test-method status="PASS" signature="setup()[pri:0, instance:com.springer.omelet.test.data.BrowserConfMethodTest@56d73c7a]" name="setup" is-config="true" duration-ms="0" started-at="2014-09-04T17:07:55Z" finished-at="2014-09-04T17:07:55Z">
          <reporter-output>
          </reporter-output>
        </test-method> <!-- setup -->
        <test-method status="PASS" signature="setup()[pri:0, instance:com.springer.omelet.test.data.BrowserConfMethodTest@56d73c7a]" name="setup" is-config="true" duration-ms="0" started-at="2014-09-04T17:07:55Z" finished-at="2014-09-04T17:07:55Z">
          <reporter-output>
          </reporter-output>
        </test-method> <!-- setup -->
        <test-method status="PASS" signature="verifyCmdEmpty()[pri:0, instance:com.springer.omelet.test.data.BrowserConfMethodTest@56d73c7a]" name="verifyCmdEmpty" duration-ms="1" started-at="2014-09-04T17:07:55Z" description="cmd empty  " depends-on-methods="com.springer.omelet.test.data.BrowserConfMethodTest.verifyCmd_Map_Mix" finished-at="2014-09-04T17:07:55Z">
          <reporter-output>
          </reporter-output>
        </test-method> <!-- verifyCmdEmpty -->
      </class> <!-- com.springer.omelet.test.data.BrowserConfMethodTest -->
      <class name="com.springer.omelet.test.data.MappingParserTest">
        <test-method status="PASS" signature="testEmptyProjectNameInMappingFile()[pri:0, instance:com.springer.omelet.test.data.MappingParserTest@1f25fefa]" name="testEmptyProjectNameInMappingFile" duration-ms="162" started-at="2014-09-04T17:07:55Z" finished-at="2014-09-04T17:07:55Z">
          <reporter-output>
          </reporter-output>
        </test-method> <!-- testEmptyProjectNameInMappingFile -->
        <test-method status="PASS" signature="beforeTest()[pri:0, instance:com.springer.omelet.test.data.MappingParserTest@1f25fefa]" name="beforeTest" is-config="true" duration-ms="0" started-at="2014-09-04T17:07:55Z" finished-at="2014-09-04T17:07:55Z">
          <reporter-output>
          </reporter-output>
        </test-method> <!-- beforeTest -->
        <test-method status="PASS" signature="beforeTest()[pri:0, instance:com.springer.omelet.test.data.MappingParserTest@1f25fefa]" name="beforeTest" is-config="true" duration-ms="1" started-at="2014-09-04T17:07:55Z" finished-at="2014-09-04T17:07:55Z">
          <reporter-output>
          </reporter-output>
        </test-method> <!-- beforeTest -->
        <test-method status="PASS" signature="testGetProjectNameFromMappingFile()[pri:0, instance:com.springer.omelet.test.data.MappingParserTest@1f25fefa]" name="testGetProjectNameFromMappingFile" duration-ms="3" started-at="2014-09-04T17:07:55Z" finished-at="2014-09-04T17:07:55Z">
          <reporter-output>
          </reporter-output>
        </test-method> <!-- testGetProjectNameFromMappingFile -->
        <test-method status="PASS" signature="testGetProjectNameFromSystemProperty()[pri:0, instance:com.springer.omelet.test.data.MappingParserTest@1f25fefa]" name="testGetProjectNameFromSystemProperty" duration-ms="4" started-at="2014-09-04T17:07:55Z" finished-at="2014-09-04T17:07:55Z">
          <reporter-output>
          </reporter-output>
        </test-method> <!-- testGetProjectNameFromSystemProperty -->
        <test-method status="PASS" signature="beforeTest()[pri:0, instance:com.springer.omelet.test.data.MappingParserTest@1f25fefa]" name="beforeTest" is-config="true" duration-ms="0" started-at="2014-09-04T17:07:55Z" finished-at="2014-09-04T17:07:55Z">
          <reporter-output>
          </reporter-output>
        </test-method> <!-- beforeTest -->
        <test-method status="PASS" signature="testProjectNameNotInMappingFile()[pri:0, instance:com.springer.omelet.test.data.MappingParserTest@1f25fefa]" name="testProjectNameNotInMappingFile" duration-ms="4" started-at="2014-09-04T17:07:55Z" finished-at="2014-09-04T17:07:55Z">
          <reporter-output>
          </reporter-output>
        </test-method> <!-- testProjectNameNotInMappingFile -->
        <test-method status="PASS" signature="beforeTest()[pri:0, instance:com.springer.omelet.test.data.MappingParserTest@1f25fefa]" name="beforeTest" is-config="true" duration-ms="0" started-at="2014-09-04T17:07:55Z" finished-at="2014-09-04T17:07:55Z">
          <reporter-output>
          </reporter-output>
        </test-method> <!-- beforeTest -->
      </class> <!-- com.springer.omelet.test.data.MappingParserTest -->
      <class name="com.springer.omelet.test.data.BrowserXmlParserTest">
        <test-method status="PASS" signature="beforeTest()[pri:0, instance:com.springer.omelet.test.data.BrowserXmlParserTest@351563ff]" name="beforeTest" is-config="true" duration-ms="0" started-at="2014-09-04T17:07:55Z" finished-at="2014-09-04T17:07:55Z">
          <reporter-output>
          </reporter-output>
        </test-method> <!-- beforeTest -->
        <test-method status="PASS" signature="verifySingleXMLMultiBrowser()[pri:0, instance:com.springer.omelet.test.data.BrowserXmlParserTest@351563ff]" name="verifySingleXMLMultiBrowser" duration-ms="9" started-at="2014-09-04T17:07:55Z" finished-at="2014-09-04T17:07:55Z">
          <reporter-output>
          </reporter-output>
        </test-method> <!-- verifySingleXMLMultiBrowser -->
        <test-method status="PASS" signature="verifyBrowserConf_singleXml()[pri:0, instance:com.springer.omelet.test.data.BrowserXmlParserTest@351563ff]" name="verifyBrowserConf_singleXml" duration-ms="6" started-at="2014-09-04T17:07:55Z" finished-at="2014-09-04T17:07:55Z">
          <reporter-output>
          </reporter-output>
        </test-method> <!-- verifyBrowserConf_singleXml -->
        <test-method status="PASS" signature="beforeTest()[pri:0, instance:com.springer.omelet.test.data.BrowserXmlParserTest@351563ff]" name="beforeTest" is-config="true" duration-ms="0" started-at="2014-09-04T17:07:55Z" finished-at="2014-09-04T17:07:55Z">
          <reporter-output>
          </reporter-output>
        </test-method> <!-- beforeTest -->
        <test-method status="PASS" signature="mutipleXml()[pri:0, instance:com.springer.omelet.test.data.BrowserXmlParserTest@351563ff]" name="mutipleXml" duration-ms="5" started-at="2014-09-04T17:07:55Z" finished-at="2014-09-04T17:07:55Z">
          <reporter-output>
          </reporter-output>
        </test-method> <!-- mutipleXml -->
        <test-method status="PASS" signature="beforeTest()[pri:0, instance:com.springer.omelet.test.data.BrowserXmlParserTest@351563ff]" name="beforeTest" is-config="true" duration-ms="0" started-at="2014-09-04T17:07:55Z" finished-at="2014-09-04T17:07:55Z">
          <reporter-output>
          </reporter-output>
        </test-method> <!-- beforeTest -->
      </class> <!-- com.springer.omelet.test.data.BrowserXmlParserTest -->
      <class name="com.springer.omelet.test.data.PropertyMappingTest">
        <test-method status="PASS" signature="expectException_keyMissing_String()[pri:0, instance:com.springer.omelet.test.data.PropertyMappingTest@379e8f17]" name="expectException_keyMissing_String" duration-ms="0" started-at="2014-09-04T17:07:55Z" finished-at="2014-09-04T17:07:55Z">
          <exception class="com.springer.omelet.exception.FrameworkException">
            <message>
              <![CDATA[Value for key: key1_4 not specified in Data file]]>
            </message>
            <full-stacktrace>
              <![CDATA[com.springer.omelet.exception.FrameworkException: Value for key: key1_4 not specified in Data file
	at com.springer.omelet.data.PropertyMapping.getValue(PropertyMapping.java:124)
	at com.springer.omelet.test.data.PropertyMappingTest.expectException_keyMissing_String(PropertyMappingTest.java:110)
	at sun.reflect.NativeMethodAccessorImpl.invoke0(Native Method)
	at sun.reflect.NativeMethodAccessorImpl.invoke(NativeMethodAccessorImpl.java:39)
	at sun.reflect.DelegatingMethodAccessorImpl.invoke(DelegatingMethodAccessorImpl.java:25)
	at java.lang.reflect.Method.invoke(Method.java:597)
	at org.testng.internal.MethodInvocationHelper.invokeMethod(MethodInvocationHelper.java:84)
	at org.testng.internal.Invoker.invokeMethod(Invoker.java:714)
	at org.testng.internal.Invoker.invokeTestMethod(Invoker.java:901)
	at org.testng.internal.Invoker.invokeTestMethods(Invoker.java:1231)
	at org.testng.internal.TestMethodWorker.invokeTestMethods(TestMethodWorker.java:127)
	at org.testng.internal.TestMethodWorker.run(TestMethodWorker.java:111)
	at org.testng.TestRunner.privateRun(TestRunner.java:767)
	at org.testng.TestRunner.run(TestRunner.java:617)
	at org.testng.SuiteRunner.runTest(SuiteRunner.java:334)
	at org.testng.SuiteRunner.runSequentially(SuiteRunner.java:329)
	at org.testng.SuiteRunner.privateRun(SuiteRunner.java:291)
	at org.testng.SuiteRunner.run(SuiteRunner.java:240)
	at org.testng.SuiteRunnerWorker.runSuite(SuiteRunnerWorker.java:52)
	at org.testng.SuiteRunnerWorker.run(SuiteRunnerWorker.java:86)
	at org.testng.TestNG.runSuitesSequentially(TestNG.java:1224)
	at org.testng.TestNG.runSuitesLocally(TestNG.java:1149)
	at org.testng.TestNG.run(TestNG.java:1057)
	at org.apache.maven.surefire.testng.TestNGExecutor.run(TestNGExecutor.java:217)
	at org.apache.maven.surefire.testng.TestNGXmlTestSuite.execute(TestNGXmlTestSuite.java:84)
	at org.apache.maven.surefire.testng.TestNGProvider.invoke(TestNGProvider.java:92)
	at org.apache.maven.surefire.booter.ForkedBooter.invokeProviderInSameClassLoader(ForkedBooter.java:200)
	at org.apache.maven.surefire.booter.ForkedBooter.runSuitesInProcess(ForkedBooter.java:153)
	at org.apache.maven.surefire.booter.ForkedBooter.main(ForkedBooter.java:103)
]]>
            </full-stacktrace>
          </exception> <!-- com.springer.omelet.exception.FrameworkException -->
          <reporter-output>
          </reporter-output>
        </test-method> <!-- expectException_keyMissing_String -->
        <test-method status="PASS" signature="expectException_keyMissing_enum()[pri:0, instance:com.springer.omelet.test.data.PropertyMappingTest@379e8f17]" name="expectException_keyMissing_enum" duration-ms="1" started-at="2014-09-04T17:07:55Z" finished-at="2014-09-04T17:07:55Z">
          <exception class="com.springer.omelet.exception.FrameworkException">
            <message>
              <![CDATA[Value for key: key2_5 not specified in Data file]]>
            </message>
            <full-stacktrace>
              <![CDATA[com.springer.omelet.exception.FrameworkException: Value for key: key2_5 not specified in Data file
	at com.springer.omelet.data.PropertyMapping.getValue(PropertyMapping.java:107)
	at com.springer.omelet.test.data.PropertyMappingTest.expectException_keyMissing_enum(PropertyMappingTest.java:121)
	at sun.reflect.NativeMethodAccessorImpl.invoke0(Native Method)
	at sun.reflect.NativeMethodAccessorImpl.invoke(NativeMethodAccessorImpl.java:39)
	at sun.reflect.DelegatingMethodAccessorImpl.invoke(DelegatingMethodAccessorImpl.java:25)
	at java.lang.reflect.Method.invoke(Method.java:597)
	at org.testng.internal.MethodInvocationHelper.invokeMethod(MethodInvocationHelper.java:84)
	at org.testng.internal.Invoker.invokeMethod(Invoker.java:714)
	at org.testng.internal.Invoker.invokeTestMethod(Invoker.java:901)
	at org.testng.internal.Invoker.invokeTestMethods(Invoker.java:1231)
	at org.testng.internal.TestMethodWorker.invokeTestMethods(TestMethodWorker.java:127)
	at org.testng.internal.TestMethodWorker.run(TestMethodWorker.java:111)
	at org.testng.TestRunner.privateRun(TestRunner.java:767)
	at org.testng.TestRunner.run(TestRunner.java:617)
	at org.testng.SuiteRunner.runTest(SuiteRunner.java:334)
	at org.testng.SuiteRunner.runSequentially(SuiteRunner.java:329)
	at org.testng.SuiteRunner.privateRun(SuiteRunner.java:291)
	at org.testng.SuiteRunner.run(SuiteRunner.java:240)
	at org.testng.SuiteRunnerWorker.runSuite(SuiteRunnerWorker.java:52)
	at org.testng.SuiteRunnerWorker.run(SuiteRunnerWorker.java:86)
	at org.testng.TestNG.runSuitesSequentially(TestNG.java:1224)
	at org.testng.TestNG.runSuitesLocally(TestNG.java:1149)
	at org.testng.TestNG.run(TestNG.java:1057)
	at org.apache.maven.surefire.testng.TestNGExecutor.run(TestNGExecutor.java:217)
	at org.apache.maven.surefire.testng.TestNGXmlTestSuite.execute(TestNGXmlTestSuite.java:84)
	at org.apache.maven.surefire.testng.TestNGProvider.invoke(TestNGProvider.java:92)
	at org.apache.maven.surefire.booter.ForkedBooter.invokeProviderInSameClassLoader(ForkedBooter.java:200)
	at org.apache.maven.surefire.booter.ForkedBooter.runSuitesInProcess(ForkedBooter.java:153)
	at org.apache.maven.surefire.booter.ForkedBooter.main(ForkedBooter.java:103)
]]>
            </full-stacktrace>
          </exception> <!-- com.springer.omelet.exception.FrameworkException -->
          <reporter-output>
          </reporter-output>
        </test-method> <!-- expectException_keyMissing_enum -->
        <test-method status="PASS" signature="hashMapConstructor()[pri:0, instance:com.springer.omelet.test.data.PropertyMappingTest@379e8f17]" name="hashMapConstructor" duration-ms="0" started-at="2014-09-04T17:07:55Z" finished-at="2014-09-04T17:07:55Z">
          <reporter-output>
          </reporter-output>
        </test-method> <!-- hashMapConstructor -->
        <test-method status="PASS" signature="multipleFilePathConstructor()[pri:0, instance:com.springer.omelet.test.data.PropertyMappingTest@379e8f17]" name="multipleFilePathConstructor" duration-ms="1" started-at="2014-09-04T17:07:55Z" finished-at="2014-09-04T17:07:55Z">
          <reporter-output>
          </reporter-output>
        </test-method> <!-- multipleFilePathConstructor -->
        <test-method status="PASS" signature="propConstuctor()[pri:0, instance:com.springer.omelet.test.data.PropertyMappingTest@379e8f17]" name="propConstuctor" duration-ms="0" started-at="2014-09-04T17:07:55Z" finished-at="2014-09-04T17:07:55Z">
          <reporter-output>
          </reporter-output>
        </test-method> <!-- propConstuctor -->
        <test-method status="PASS" signature="singleFilePathConstructor()[pri:0, instance:com.springer.omelet.test.data.PropertyMappingTest@379e8f17]" name="singleFilePathConstructor" duration-ms="0" started-at="2014-09-04T17:07:55Z" finished-at="2014-09-04T17:07:55Z">
          <reporter-output>
          </reporter-output>
        </test-method> <!-- singleFilePathConstructor -->
      </class> <!-- com.springer.omelet.test.data.PropertyMappingTest -->
      <class name="com.springer.omelet.test.data.BrowserConfIsEqualTest">
        <test-method status="PASS" signature="checkBrowserConfEquality_RemoteFlagOFF()[pri:0, instance:com.springer.omelet.test.data.BrowserConfIsEqualTest@16f8f7db]" name="checkBrowserConfEquality_RemoteFlagOFF" duration-ms="3" started-at="2014-09-04T17:07:55Z" description="same browser --&gt;remote flag off--&gt;filtering using set and List" finished-at="2014-09-04T17:07:55Z">
          <reporter-output>
          </reporter-output>
        </test-method> <!-- checkBrowserConfEquality_RemoteFlagOFF -->
        <test-method status="PASS" signature="remoteFlagOn_2()[pri:0, instance:com.springer.omelet.test.data.BrowserConfIsEqualTest@16f8f7db]" name="remoteFlagOn_2" duration-ms="3" started-at="2014-09-04T17:07:55Z" description="Remote Flag on and required values equal and not required not equal" finished-at="2014-09-04T17:07:55Z">
          <reporter-output>
          </reporter-output>
        </test-method> <!-- remoteFlagOn_2 -->
        <test-method status="PASS" signature="remoteFlagOn_3()[pri:0, instance:com.springer.omelet.test.data.BrowserConfIsEqualTest@16f8f7db]" name="remoteFlagOn_3" duration-ms="4" started-at="2014-09-04T17:07:55Z" description="Remote Flag on and required values not equal and not required not equal" finished-at="2014-09-04T17:07:55Z">
          <reporter-output>
          </reporter-output>
        </test-method> <!-- remoteFlagOn_3 -->
        <test-method status="PASS" signature="remoteFlagOn()[pri:0, instance:com.springer.omelet.test.data.BrowserConfIsEqualTest@16f8f7db]" name="remoteFlagOn" duration-ms="2" started-at="2014-09-04T17:07:55Z" description="Remote Flag on and required values equal" finished-at="2014-09-04T17:07:55Z">
          <reporter-output>
          </reporter-output>
        </test-method> <!-- remoteFlagOn -->
        <test-method status="PASS" signature="remoteFlag_4()[pri:0, instance:com.springer.omelet.test.data.BrowserConfIsEqualTest@16f8f7db]" name="remoteFlag_4" duration-ms="2" started-at="2014-09-04T17:07:55Z" description="remote Flag on -&gt;bsswitch off--&gt;browser equals" finished-at="2014-09-04T17:07:55Z">
          <reporter-output>
          </reporter-output>
        </test-method> <!-- remoteFlag_4 -->
      </class> <!-- com.springer.omelet.test.data.BrowserConfIsEqualTest -->
      <class name="com.springer.omelet.test.libraries.UtilsTest">
        <test-method status="PASS" signature="verifyIntegerListFromString()[pri:0, instance:com.springer.omelet.test.libraries.UtilsTest@335856a5]" name="verifyIntegerListFromString" duration-ms="0" started-at="2014-09-04T17:07:55Z" finished-at="2014-09-04T17:07:55Z">
          <reporter-output>
          </reporter-output>
        </test-method> <!-- verifyIntegerListFromString -->
      </class> <!-- com.springer.omelet.test.libraries.UtilsTest -->
    </test> <!-- Browser Conf Test -->
  </suite> <!-- Omlete Suite -->
</testng-results>
