<?xml version="1.0" encoding="UTF-8"?>
<testng-results skipped="2" failed="1" total="24" passed="21">
  <reporter-output>
  </reporter-output>
  <suite name="Omlete Suite" duration-ms="312" started-at="2014-09-04T09:02:45Z" finished-at="2014-09-04T09:02:45Z">
    <groups>
    </groups>
    <test name="Browser Conf Test" duration-ms="312" started-at="2014-09-04T09:02:45Z" finished-at="2014-09-04T09:02:45Z">
      <class name="framework.data.MappingParserTest">
        <test-method status="PASS" signature="beforeTest()[pri:0, instance:framework.data.MappingParserTest@f2a55aa]" name="beforeTest" is-config="true" duration-ms="1" started-at="2014-09-04T14:32:45Z" finished-at="2014-09-04T14:32:45Z">
          <reporter-output>
          </reporter-output>
        </test-method> <!-- beforeTest -->
        <test-method status="PASS" signature="testEmptyProjectNameInMappingFile()[pri:0, instance:framework.data.MappingParserTest@f2a55aa]" name="testEmptyProjectNameInMappingFile" duration-ms="182" started-at="2014-09-04T14:32:45Z" finished-at="2014-09-04T14:32:45Z">
          <reporter-output>
          </reporter-output>
        </test-method> <!-- testEmptyProjectNameInMappingFile -->
        <test-method status="PASS" signature="beforeTest()[pri:0, instance:framework.data.MappingParserTest@f2a55aa]" name="beforeTest" is-config="true" duration-ms="0" started-at="2014-09-04T14:32:45Z" finished-at="2014-09-04T14:32:45Z">
          <reporter-output>
          </reporter-output>
        </test-method> <!-- beforeTest -->
        <test-method status="PASS" signature="testGetProjectNameFromMappingFile()[pri:0, instance:framework.data.MappingParserTest@f2a55aa]" name="testGetProjectNameFromMappingFile" duration-ms="4" started-at="2014-09-04T14:32:45Z" finished-at="2014-09-04T14:32:45Z">
          <reporter-output>
          </reporter-output>
        </test-method> <!-- testGetProjectNameFromMappingFile -->
        <test-method status="PASS" signature="beforeTest()[pri:0, instance:framework.data.MappingParserTest@f2a55aa]" name="beforeTest" is-config="true" duration-ms="1" started-at="2014-09-04T14:32:45Z" finished-at="2014-09-04T14:32:45Z">
          <reporter-output>
          </reporter-output>
        </test-method> <!-- beforeTest -->
        <test-method status="PASS" signature="testGetProjectNameFromSystemProperty()[pri:0, instance:framework.data.MappingParserTest@f2a55aa]" name="testGetProjectNameFromSystemProperty" duration-ms="3" started-at="2014-09-04T14:32:45Z" finished-at="2014-09-04T14:32:45Z">
          <reporter-output>
          </reporter-output>
        </test-method> <!-- testGetProjectNameFromSystemProperty -->
        <test-method status="PASS" signature="beforeTest()[pri:0, instance:framework.data.MappingParserTest@f2a55aa]" name="beforeTest" is-config="true" duration-ms="1" started-at="2014-09-04T14:32:45Z" finished-at="2014-09-04T14:32:45Z">
          <reporter-output>
          </reporter-output>
        </test-method> <!-- beforeTest -->
        <test-method status="PASS" signature="testProjectNameNotInMappingFile()[pri:0, instance:framework.data.MappingParserTest@f2a55aa]" name="testProjectNameNotInMappingFile" duration-ms="3" started-at="2014-09-04T14:32:45Z" finished-at="2014-09-04T14:32:45Z">
          <reporter-output>
          </reporter-output>
        </test-method> <!-- testProjectNameNotInMappingFile -->
      </class> <!-- framework.data.MappingParserTest -->
      <class name="framework.data.BrowserConf_isEqual">
        <test-method status="PASS" signature="checkBrowserConfEquality_RemoteFlagOFF()[pri:0, instance:framework.data.BrowserConf_isEqual@546c585a]" name="checkBrowserConfEquality_RemoteFlagOFF" duration-ms="4" started-at="2014-09-04T14:32:45Z" description="same browser --&gt;remote flag off--&gt;filtering using set and List" finished-at="2014-09-04T14:32:45Z">
          <reporter-output>
          </reporter-output>
        </test-method> <!-- checkBrowserConfEquality_RemoteFlagOFF -->
        <test-method status="PASS" signature="remoteFlagOn()[pri:0, instance:framework.data.BrowserConf_isEqual@546c585a]" name="remoteFlagOn" duration-ms="3" started-at="2014-09-04T14:32:45Z" description="Remote Flag on and required values equal" finished-at="2014-09-04T14:32:45Z">
          <reporter-output>
          </reporter-output>
        </test-method> <!-- remoteFlagOn -->
        <test-method status="PASS" signature="remoteFlagOn_2()[pri:0, instance:framework.data.BrowserConf_isEqual@546c585a]" name="remoteFlagOn_2" duration-ms="2" started-at="2014-09-04T14:32:45Z" description="Remote Flag on and required values equal and not required not equal" finished-at="2014-09-04T14:32:45Z">
          <reporter-output>
          </reporter-output>
        </test-method> <!-- remoteFlagOn_2 -->
        <test-method status="PASS" signature="remoteFlagOn_3()[pri:0, instance:framework.data.BrowserConf_isEqual@546c585a]" name="remoteFlagOn_3" duration-ms="3" started-at="2014-09-04T14:32:45Z" description="Remote Flag on and required values not equal and not required not equal" finished-at="2014-09-04T14:32:45Z">
          <reporter-output>
          </reporter-output>
        </test-method> <!-- remoteFlagOn_3 -->
        <test-method status="PASS" signature="remoteFlag_4()[pri:0, instance:framework.data.BrowserConf_isEqual@546c585a]" name="remoteFlag_4" duration-ms="2" started-at="2014-09-04T14:32:45Z" description="remote Flag on -&gt;bsswitch off--&gt;browser equals" finished-at="2014-09-04T14:32:45Z">
          <reporter-output>
          </reporter-output>
        </test-method> <!-- remoteFlag_4 -->
      </class> <!-- framework.data.BrowserConf_isEqual -->
      <class name="framework.data.BrowserConfMethod">
        <test-method status="PASS" signature="setup()[pri:0, instance:framework.data.BrowserConfMethod@44050988]" name="setup" is-config="true" duration-ms="1" started-at="2014-09-04T14:32:45Z" finished-at="2014-09-04T14:32:45Z">
          <reporter-output>
          </reporter-output>
        </test-method> <!-- setup -->
        <test-method status="PASS" signature="verifyMapValues()[pri:0, instance:framework.data.BrowserConfMethod@44050988]" name="verifyMapValues" duration-ms="2" started-at="2014-09-04T14:32:45Z" description="All Values set by HashMap" finished-at="2014-09-04T14:32:45Z">
          <reporter-output>
          </reporter-output>
        </test-method> <!-- verifyMapValues -->
        <test-method status="PASS" signature="setup()[pri:0, instance:framework.data.BrowserConfMethod@44050988]" name="setup" is-config="true" duration-ms="1" started-at="2014-09-04T14:32:45Z" finished-at="2014-09-04T14:32:45Z">
          <reporter-output>
          </reporter-output>
        </test-method> <!-- setup -->
        <test-method status="FAIL" signature="verifyMapValueEmpty()[pri:0, instance:framework.data.BrowserConfMethod@44050988]" name="verifyMapValueEmpty" duration-ms="1" started-at="2014-09-04T14:32:45Z" depends-on-methods="framework.data.BrowserConfMethod.verifyMapValues" finished-at="2014-09-04T14:32:45Z">
          <exception class="com.springer.auto.framework.exception.FrameworkException">
            <message>
              <![CDATA[Value for key: browserName not specified in Data file]]>
            </message>
            <full-stacktrace>
              <![CDATA[com.springer.auto.framework.exception.FrameworkException: Value for key: browserName not specified in Data file
	at com.springer.auto.framework.data.PropertyMapping.getValue(PropertyMapping.java:107)
	at framework.data.BrowserConfMethod.verifyMapValueEmpty(BrowserConfMethod.java:144)
	at sun.reflect.NativeMethodAccessorImpl.invoke0(Native Method)
	at sun.reflect.NativeMethodAccessorImpl.invoke(NativeMethodAccessorImpl.java:39)
	at sun.reflect.DelegatingMethodAccessorImpl.invoke(DelegatingMethodAccessorImpl.java:25)
	at java.lang.reflect.Method.invoke(Method.java:597)
	at org.testng.internal.MethodInvocationHelper.invokeMethod(MethodInvocationHelper.java:84)
	at org.testng.internal.Invoker.invokeMethod(Invoker.java:714)
	at org.testng.internal.Invoker.invokeTestMethod(Invoker.java:901)
	at org.testng.internal.Invoker.invokeTestMethods(Invoker.java:1231)
	at org.testng.internal.TestMethodWorker.invokeTestMethods(TestMethodWorker.java:127)
	at org.testng.internal.TestMethodWorker.run(TestMethodWorker.java:111)
	at org.testng.TestRunner.privateRun(TestRunner.java:767)
	at org.testng.TestRunner.run(TestRunner.java:617)
	at org.testng.SuiteRunner.runTest(SuiteRunner.java:334)
	at org.testng.SuiteRunner.runSequentially(SuiteRunner.java:329)
	at org.testng.SuiteRunner.privateRun(SuiteRunner.java:291)
	at org.testng.SuiteRunner.run(SuiteRunner.java:240)
	at org.testng.SuiteRunnerWorker.runSuite(SuiteRunnerWorker.java:52)
	at org.testng.SuiteRunnerWorker.run(SuiteRunnerWorker.java:86)
	at org.testng.TestNG.runSuitesSequentially(TestNG.java:1224)
	at org.testng.TestNG.runSuitesLocally(TestNG.java:1149)
	at org.testng.TestNG.run(TestNG.java:1057)
	at org.testng.remote.RemoteTestNG.run(RemoteTestNG.java:111)
	at org.testng.remote.RemoteTestNG.initAndRun(RemoteTestNG.java:204)
	at org.testng.remote.RemoteTestNG.main(RemoteTestNG.java:175)
]]>
            </full-stacktrace>
          </exception> <!-- com.springer.auto.framework.exception.FrameworkException -->
          <reporter-output>
          </reporter-output>
        </test-method> <!-- verifyMapValueEmpty -->
        <test-method status="SKIP" signature="verifyCmd_Map_Mix()[pri:0, instance:framework.data.BrowserConfMethod@44050988]" name="verifyCmd_Map_Mix" duration-ms="1" started-at="2014-09-04T14:32:45Z" description="Some Values by cmd and all by map" depends-on-methods="framework.data.BrowserConfMethod.verifyMapValueEmpty" finished-at="2014-09-04T14:32:45Z">
          <reporter-output>
          </reporter-output>
        </test-method> <!-- verifyCmd_Map_Mix -->
        <test-method status="SKIP" signature="verifyCmdEmpty()[pri:0, instance:framework.data.BrowserConfMethod@44050988]" name="verifyCmdEmpty" duration-ms="1" started-at="2014-09-04T14:32:45Z" description="cmd empty  " depends-on-methods="framework.data.BrowserConfMethod.verifyCmd_Map_Mix" finished-at="2014-09-04T14:32:45Z">
          <reporter-output>
          </reporter-output>
        </test-method> <!-- verifyCmdEmpty -->
      </class> <!-- framework.data.BrowserConfMethod -->
      <class name="framework.libraries.Utils_Test">
        <test-method status="PASS" signature="verifyIntegerListFromString()[pri:0, instance:framework.libraries.Utils_Test@6564dbd5]" name="verifyIntegerListFromString" duration-ms="1" started-at="2014-09-04T14:32:45Z" finished-at="2014-09-04T14:32:45Z">
          <reporter-output>
          </reporter-output>
        </test-method> <!-- verifyIntegerListFromString -->
      </class> <!-- framework.libraries.Utils_Test -->
      <class name="framework.data.VerifyBrowserValue_Test">
        <test-method status="PASS" signature="checkDefaultOption()[pri:0, instance:framework.data.VerifyBrowserValue_Test@245e13ad]" name="checkDefaultOption" duration-ms="4" started-at="2014-09-04T14:32:45Z" finished-at="2014-09-04T14:32:45Z">
          <reporter-output>
          </reporter-output>
        </test-method> <!-- checkDefaultOption -->
      </class> <!-- framework.data.VerifyBrowserValue_Test -->
      <class name="framework.data.PropertyMapping_Test">
        <test-method status="PASS" signature="hashMapConstructor()[pri:0, instance:framework.data.PropertyMapping_Test@23309e87]" name="hashMapConstructor" duration-ms="12" started-at="2014-09-04T14:32:45Z" finished-at="2014-09-04T14:32:45Z">
          <reporter-output>
          </reporter-output>
        </test-method> <!-- hashMapConstructor -->
        <test-method status="PASS" signature="expectException_keyMissing_String()[pri:0, instance:framework.data.PropertyMapping_Test@23309e87]" name="expectException_keyMissing_String" duration-ms="1" started-at="2014-09-04T14:32:45Z" finished-at="2014-09-04T14:32:45Z">
          <exception class="com.springer.auto.framework.exception.FrameworkException">
            <message>
              <![CDATA[Value for key: key1_4 not specified in Data file]]>
            </message>
            <full-stacktrace>
              <![CDATA[com.springer.auto.framework.exception.FrameworkException: Value for key: key1_4 not specified in Data file
	at com.springer.auto.framework.data.PropertyMapping.getValue(PropertyMapping.java:124)
	at framework.data.PropertyMapping_Test.expectException_keyMissing_String(PropertyMapping_Test.java:110)
	at sun.reflect.NativeMethodAccessorImpl.invoke0(Native Method)
	at sun.reflect.NativeMethodAccessorImpl.invoke(NativeMethodAccessorImpl.java:39)
	at sun.reflect.DelegatingMethodAccessorImpl.invoke(DelegatingMethodAccessorImpl.java:25)
	at java.lang.reflect.Method.invoke(Method.java:597)
	at org.testng.internal.MethodInvocationHelper.invokeMethod(MethodInvocationHelper.java:84)
	at org.testng.internal.Invoker.invokeMethod(Invoker.java:714)
	at org.testng.internal.Invoker.invokeTestMethod(Invoker.java:901)
	at org.testng.internal.Invoker.invokeTestMethods(Invoker.java:1231)
	at org.testng.internal.TestMethodWorker.invokeTestMethods(TestMethodWorker.java:127)
	at org.testng.internal.TestMethodWorker.run(TestMethodWorker.java:111)
	at org.testng.TestRunner.privateRun(TestRunner.java:767)
	at org.testng.TestRunner.run(TestRunner.java:617)
	at org.testng.SuiteRunner.runTest(SuiteRunner.java:334)
	at org.testng.SuiteRunner.runSequentially(SuiteRunner.java:329)
	at org.testng.SuiteRunner.privateRun(SuiteRunner.java:291)
	at org.testng.SuiteRunner.run(SuiteRunner.java:240)
	at org.testng.SuiteRunnerWorker.runSuite(SuiteRunnerWorker.java:52)
	at org.testng.SuiteRunnerWorker.run(SuiteRunnerWorker.java:86)
	at org.testng.TestNG.runSuitesSequentially(TestNG.java:1224)
	at org.testng.TestNG.runSuitesLocally(TestNG.java:1149)
	at org.testng.TestNG.run(TestNG.java:1057)
	at org.testng.remote.RemoteTestNG.run(RemoteTestNG.java:111)
	at org.testng.remote.RemoteTestNG.initAndRun(RemoteTestNG.java:204)
	at org.testng.remote.RemoteTestNG.main(RemoteTestNG.java:175)
]]>
            </full-stacktrace>
          </exception> <!-- com.springer.auto.framework.exception.FrameworkException -->
          <reporter-output>
          </reporter-output>
        </test-method> <!-- expectException_keyMissing_String -->
        <test-method status="PASS" signature="expectException_keyMissing_enum()[pri:0, instance:framework.data.PropertyMapping_Test@23309e87]" name="expectException_keyMissing_enum" duration-ms="3" started-at="2014-09-04T14:32:45Z" finished-at="2014-09-04T14:32:45Z">
          <exception class="com.springer.auto.framework.exception.FrameworkException">
            <message>
              <![CDATA[Value for key: key2_5 not specified in Data file]]>
            </message>
            <full-stacktrace>
              <![CDATA[com.springer.auto.framework.exception.FrameworkException: Value for key: key2_5 not specified in Data file
	at com.springer.auto.framework.data.PropertyMapping.getValue(PropertyMapping.java:107)
	at framework.data.PropertyMapping_Test.expectException_keyMissing_enum(PropertyMapping_Test.java:121)
	at sun.reflect.NativeMethodAccessorImpl.invoke0(Native Method)
	at sun.reflect.NativeMethodAccessorImpl.invoke(NativeMethodAccessorImpl.java:39)
	at sun.reflect.DelegatingMethodAccessorImpl.invoke(DelegatingMethodAccessorImpl.java:25)
	at java.lang.reflect.Method.invoke(Method.java:597)
	at org.testng.internal.MethodInvocationHelper.invokeMethod(MethodInvocationHelper.java:84)
	at org.testng.internal.Invoker.invokeMethod(Invoker.java:714)
	at org.testng.internal.Invoker.invokeTestMethod(Invoker.java:901)
	at org.testng.internal.Invoker.invokeTestMethods(Invoker.java:1231)
	at org.testng.internal.TestMethodWorker.invokeTestMethods(TestMethodWorker.java:127)
	at org.testng.internal.TestMethodWorker.run(TestMethodWorker.java:111)
	at org.testng.TestRunner.privateRun(TestRunner.java:767)
	at org.testng.TestRunner.run(TestRunner.java:617)
	at org.testng.SuiteRunner.runTest(SuiteRunner.java:334)
	at org.testng.SuiteRunner.runSequentially(SuiteRunner.java:329)
	at org.testng.SuiteRunner.privateRun(SuiteRunner.java:291)
	at org.testng.SuiteRunner.run(SuiteRunner.java:240)
	at org.testng.SuiteRunnerWorker.runSuite(SuiteRunnerWorker.java:52)
	at org.testng.SuiteRunnerWorker.run(SuiteRunnerWorker.java:86)
	at org.testng.TestNG.runSuitesSequentially(TestNG.java:1224)
	at org.testng.TestNG.runSuitesLocally(TestNG.java:1149)
	at org.testng.TestNG.run(TestNG.java:1057)
	at org.testng.remote.RemoteTestNG.run(RemoteTestNG.java:111)
	at org.testng.remote.RemoteTestNG.initAndRun(RemoteTestNG.java:204)
	at org.testng.remote.RemoteTestNG.main(RemoteTestNG.java:175)
]]>
            </full-stacktrace>
          </exception> <!-- com.springer.auto.framework.exception.FrameworkException -->
          <reporter-output>
          </reporter-output>
        </test-method> <!-- expectException_keyMissing_enum -->
        <test-method status="PASS" signature="propConstuctor()[pri:0, instance:framework.data.PropertyMapping_Test@23309e87]" name="propConstuctor" duration-ms="1" started-at="2014-09-04T14:32:45Z" finished-at="2014-09-04T14:32:45Z">
          <reporter-output>
          </reporter-output>
        </test-method> <!-- propConstuctor -->
        <test-method status="PASS" signature="multipleFilePathConstructor()[pri:0, instance:framework.data.PropertyMapping_Test@23309e87]" name="multipleFilePathConstructor" duration-ms="3" started-at="2014-09-04T14:32:45Z" finished-at="2014-09-04T14:32:45Z">
          <reporter-output>
          </reporter-output>
        </test-method> <!-- multipleFilePathConstructor -->
        <test-method status="PASS" signature="singleFilePathConstructor()[pri:0, instance:framework.data.PropertyMapping_Test@23309e87]" name="singleFilePathConstructor" duration-ms="1" started-at="2014-09-04T14:32:45Z" finished-at="2014-09-04T14:32:45Z">
          <reporter-output>
          </reporter-output>
        </test-method> <!-- singleFilePathConstructor -->
      </class> <!-- framework.data.PropertyMapping_Test -->
      <class name="framework.data.BrowserXmlParserTest">
        <test-method status="PASS" signature="beforeTest()[pri:0, instance:framework.data.BrowserXmlParserTest@4cf7c31d]" name="beforeTest" is-config="true" duration-ms="0" started-at="2014-09-04T14:32:45Z" finished-at="2014-09-04T14:32:45Z">
          <reporter-output>
          </reporter-output>
        </test-method> <!-- beforeTest -->
        <test-method status="PASS" signature="mutipleXml()[pri:0, instance:framework.data.BrowserXmlParserTest@4cf7c31d]" name="mutipleXml" duration-ms="13" started-at="2014-09-04T14:32:45Z" finished-at="2014-09-04T14:32:45Z">
          <reporter-output>
          </reporter-output>
        </test-method> <!-- mutipleXml -->
        <test-method status="PASS" signature="beforeTest()[pri:0, instance:framework.data.BrowserXmlParserTest@4cf7c31d]" name="beforeTest" is-config="true" duration-ms="1" started-at="2014-09-04T14:32:45Z" finished-at="2014-09-04T14:32:45Z">
          <reporter-output>
          </reporter-output>
        </test-method> <!-- beforeTest -->
        <test-method status="PASS" signature="verifyBrowserConf_singleXml()[pri:0, instance:framework.data.BrowserXmlParserTest@4cf7c31d]" name="verifyBrowserConf_singleXml" duration-ms="3" started-at="2014-09-04T14:32:45Z" finished-at="2014-09-04T14:32:45Z">
          <reporter-output>
          </reporter-output>
        </test-method> <!-- verifyBrowserConf_singleXml -->
        <test-method status="PASS" signature="beforeTest()[pri:0, instance:framework.data.BrowserXmlParserTest@4cf7c31d]" name="beforeTest" is-config="true" duration-ms="0" started-at="2014-09-04T14:32:45Z" finished-at="2014-09-04T14:32:45Z">
          <reporter-output>
          </reporter-output>
        </test-method> <!-- beforeTest -->
        <test-method status="PASS" signature="verifySingleXMLMultiBrowser()[pri:0, instance:framework.data.BrowserXmlParserTest@4cf7c31d]" name="verifySingleXMLMultiBrowser" duration-ms="4" started-at="2014-09-04T14:32:45Z" finished-at="2014-09-04T14:32:45Z">
          <reporter-output>
          </reporter-output>
        </test-method> <!-- verifySingleXMLMultiBrowser -->
      </class> <!-- framework.data.BrowserXmlParserTest -->
    </test> <!-- Browser Conf Test -->
  </suite> <!-- Omlete Suite -->
</testng-results>
