<?xml version="1.0" encoding="UTF-8"?>
<!-- Generated by org.testng.reporters.JUnitReportReporter -->
<testsuite hostname="kapil-HP-ProBook-4440s" name="framework.data.BrowserConfMethod" tests="4" failures="3" timestamp="4 Sep 2014 09:02:45 GMT" time="0.007" errors="0">
  <testcase name="verifyCmd_Map_Mix" time="0.001" classname="framework.data.BrowserConfMethod"/>
  <testcase name="verifyMapValueEmpty" time="0.002" classname="framework.data.BrowserConfMethod">
    <failure type="com.springer.auto.framework.exception.FrameworkException" message="Value for key: browserName not specified in Data file">
      <![CDATA[com.springer.auto.framework.exception.FrameworkException: Value for key: browserName not specified in Data file
	at com.springer.auto.framework.data.PropertyMapping.getValue(PropertyMapping.java:107)
	at framework.data.BrowserConfMethod.verifyMapValueEmpty(BrowserConfMethod.java:144)
	at sun.reflect.NativeMethodAccessorImpl.invoke0(Native Method)
	at sun.reflect.NativeMethodAccessorImpl.invoke(NativeMethodAccessorImpl.java:39)
	at sun.reflect.DelegatingMethodAccessorImpl.invoke(DelegatingMethodAccessorImpl.java:25)
	at java.lang.reflect.Method.invoke(Method.java:597)
	at org.testng.internal.MethodInvocationHelper.invokeMethod(MethodInvocationHelper.java:84)
	at org.testng.internal.Invoker.invokeMethod(Invoker.java:714)
	at org.testng.internal.Invoker.invokeTestMethod(Invoker.java:901)
	at org.testng.internal.Invoker.invokeTestMethods(Invoker.java:1231)
	at org.testng.internal.TestMethodWorker.invokeTestMethods(TestMethodWorker.java:127)
	at org.testng.internal.TestMethodWorker.run(TestMethodWorker.java:111)
	at org.testng.TestRunner.privateRun(TestRunner.java:767)
	at org.testng.TestRunner.run(TestRunner.java:617)
	at org.testng.SuiteRunner.runTest(SuiteRunner.java:334)
	at org.testng.SuiteRunner.runSequentially(SuiteRunner.java:329)
	at org.testng.SuiteRunner.privateRun(SuiteRunner.java:291)
	at org.testng.SuiteRunner.run(SuiteRunner.java:240)
	at org.testng.SuiteRunnerWorker.runSuite(SuiteRunnerWorker.java:52)
	at org.testng.SuiteRunnerWorker.run(SuiteRunnerWorker.java:86)
	at org.testng.TestNG.runSuitesSequentially(TestNG.java:1224)
	at org.testng.TestNG.runSuitesLocally(TestNG.java:1149)
	at org.testng.TestNG.run(TestNG.java:1057)
	at org.testng.remote.RemoteTestNG.run(RemoteTestNG.java:111)
	at org.testng.remote.RemoteTestNG.initAndRun(RemoteTestNG.java:204)
	at org.testng.remote.RemoteTestNG.main(RemoteTestNG.java:175)
]]>
    </failure>
  </testcase> <!-- verifyMapValueEmpty -->
  <testcase name="verifyCmdEmpty" time="0.001" classname="framework.data.BrowserConfMethod"/>
  <testcase name="verifyMapValues" time="0.003" classname="framework.data.BrowserConfMethod"/>
</testsuite> <!-- framework.data.BrowserConfMethod -->
