<?xml version="1.0" encoding="UTF-8"?>
<!-- Generated by org.testng.reporters.JUnitXMLReporter -->
<testsuite hostname="kapil-HP-ProBook-4440s" name="Browser Conf Test" tests="24" failures="1" timestamp="4 Sep 2014 09:02:45 GMT" time="0.312" errors="0">
  <testcase name="hashMapConstructor" time="0.012" classname="framework.data.PropertyMapping_Test"/>
  <testcase name="expectException_keyMissing_String" time="0.0010" classname="framework.data.PropertyMapping_Test"/>
  <testcase name="expectException_keyMissing_enum" time="0.0030" classname="framework.data.PropertyMapping_Test"/>
  <testcase name="propConstuctor" time="0.0010" classname="framework.data.PropertyMapping_Test"/>
  <testcase name="multipleFilePathConstructor" time="0.0030" classname="framework.data.PropertyMapping_Test"/>
  <testcase name="singleFilePathConstructor" time="0.0010" classname="framework.data.PropertyMapping_Test"/>
  <testcase name="checkDefaultOption" time="0.0040" classname="framework.data.VerifyBrowserValue_Test"/>
  <testcase name="verifyIntegerListFromString" time="0.0010" classname="framework.libraries.Utils_Test"/>
  <testcase name="testEmptyProjectNameInMappingFile" time="0.182" classname="framework.data.MappingParserTest"/>
  <testcase name="testGetProjectNameFromMappingFile" time="0.0040" classname="framework.data.MappingParserTest"/>
  <testcase name="testGetProjectNameFromSystemProperty" time="0.0030" classname="framework.data.MappingParserTest"/>
  <testcase name="testProjectNameNotInMappingFile" time="0.0030" classname="framework.data.MappingParserTest"/>
  <testcase name="checkBrowserConfEquality_RemoteFlagOFF" time="0.0040" classname="framework.data.BrowserConf_isEqual"/>
  <testcase name="remoteFlagOn" time="0.0030" classname="framework.data.BrowserConf_isEqual"/>
  <testcase name="remoteFlagOn_2" time="0.0020" classname="framework.data.BrowserConf_isEqual"/>
  <testcase name="remoteFlagOn_3" time="0.0030" classname="framework.data.BrowserConf_isEqual"/>
  <testcase name="remoteFlag_4" time="0.0020" classname="framework.data.BrowserConf_isEqual"/>
  <testcase name="verifyMapValues" time="0.0020" classname="framework.data.BrowserConfMethod"/>
  <testcase name="mutipleXml" time="0.013" classname="framework.data.BrowserXmlParserTest"/>
  <testcase name="verifyBrowserConf_singleXml" time="0.0030" classname="framework.data.BrowserXmlParserTest"/>
  <testcase name="verifySingleXMLMultiBrowser" time="0.0040" classname="framework.data.BrowserXmlParserTest"/>
  <testcase name="verifyMapValueEmpty" time="0.0010" classname="framework.data.BrowserConfMethod">
    <failure type="com.springer.auto.framework.exception.FrameworkException" message="Value for key: browserName not specified in Data file">
      <![CDATA[com.springer.auto.framework.exception.FrameworkException: Value for key: browserName not specified in Data file
	at com.springer.auto.framework.data.PropertyMapping.getValue(PropertyMapping.java:107)
	at framework.data.BrowserConfMethod.verifyMapValueEmpty(BrowserConfMethod.java:144)
	at sun.reflect.NativeMethodAccessorImpl.invoke0(Native Method)
	at sun.reflect.NativeMethodAccessorImpl.invoke(NativeMethodAccessorImpl.java:39)
	at sun.reflect.DelegatingMethodAccessorImpl.invoke(DelegatingMethodAccessorImpl.java:25)
	at java.lang.reflect.Method.invoke(Method.java:597)
	at org.testng.internal.MethodInvocationHelper.invokeMethod(MethodInvocationHelper.java:84)
	at org.testng.internal.Invoker.invokeMethod(Invoker.java:714)
	at org.testng.internal.Invoker.invokeTestMethod(Invoker.java:901)
	at org.testng.internal.Invoker.invokeTestMethods(Invoker.java:1231)
	at org.testng.internal.TestMethodWorker.invokeTestMethods(TestMethodWorker.java:127)
	at org.testng.internal.TestMethodWorker.run(TestMethodWorker.java:111)
	at org.testng.TestRunner.privateRun(TestRunner.java:767)
	at org.testng.TestRunner.run(TestRunner.java:617)
	at org.testng.SuiteRunner.runTest(SuiteRunner.java:334)
	at org.testng.SuiteRunner.runSequentially(SuiteRunner.java:329)
	at org.testng.SuiteRunner.privateRun(SuiteRunner.java:291)
	at org.testng.SuiteRunner.run(SuiteRunner.java:240)
	at org.testng.SuiteRunnerWorker.runSuite(SuiteRunnerWorker.java:52)
	at org.testng.SuiteRunnerWorker.run(SuiteRunnerWorker.java:86)
	at org.testng.TestNG.runSuitesSequentially(TestNG.java:1224)
	at org.testng.TestNG.runSuitesLocally(TestNG.java:1149)
	at org.testng.TestNG.run(TestNG.java:1057)
	at org.testng.remote.RemoteTestNG.run(RemoteTestNG.java:111)
	at org.testng.remote.RemoteTestNG.initAndRun(RemoteTestNG.java:204)
	at org.testng.remote.RemoteTestNG.main(RemoteTestNG.java:175)
]]>
    </failure>
  </testcase> <!-- verifyMapValueEmpty -->
  <testcase name="verifyCmd_Map_Mix" time="0.0010" classname="framework.data.BrowserConfMethod">
    <skipped/>
  </testcase> <!-- verifyCmd_Map_Mix -->
  <testcase name="verifyCmdEmpty" time="0.0010" classname="framework.data.BrowserConfMethod">
    <skipped/>
  </testcase> <!-- verifyCmdEmpty -->
</testsuite> <!-- Browser Conf Test -->
